<?xml version="1.0" encoding="UTF-8"?>
<testsuite xmlns:xsi="http://www.w3.org/2001/XMLSchema-instance" xsi:noNamespaceSchemaLocation="https://maven.apache.org/surefire/maven-surefire-plugin/xsd/surefire-test-report.xsd" name="TestSuite" time="18.38" tests="3" errors="0" skipped="0" failures="1">
  <properties>
[...]
</properties>
  <testcase name="screenshotOfPage" classname="QuickTests" time="4.262"/>
  <testcase name="screenshotOfaSectionOnAPage" classname="QuickTests" time="1.478"/>
  <testcase name="CheckingfailedTest" classname="QuickTests" time="0.879">
    <failure message="Expected to fail`" type="java.lang.AssertionError">java.lang.AssertionError: Expected to fail`
	at QuickTests.CheckingfailedTest(QuickTests.java:69)
</failure>
    <system-out><![CDATA[I am in method onTestStart CheckingfailedTest
I am in onTestFailure method onTestFailure CheckingfailedTest
Screenshot captured for test case : CheckingfailedTest
 I am in saveFailureScreenshot method
]]></system-out>
  </testcase>
</testsuite>