-------------------------------------------------------------------------------
Test set: TestSuite
-------------------------------------------------------------------------------
Tests run: 3, Failures: 1, Errors: 0, Skipped: 0, Time elapsed: 18.38 s <<< FAILURE! - in TestSuite
CheckingfailedTest(QuickTests)  Time elapsed: 0.879 s  <<< FAILURE!
java.lang.AssertionError: Expected to fail`
	at QuickTests.CheckingfailedTest(QuickTests.java:69)

